<?xml version="1.0" encoding="UTF-8"?>
<!-- Generated by org.testng.reporters.JUnitXMLReporter -->
<testsuite ignored="4" hostname="LAPTOP-VBIL4K2H" failures="0" tests="6" name="Test" time="160.549" errors="0" timestamp="2023-08-22T19:49:22 AEST">
  <testcase classname="executePageClasses.LoginPageTestClass" name="unsuccessfulLogin" time="2.667"/>
  <testcase classname="executePageClasses.LoginPageTestClass" name="unsuccessfulLogin" time="1.258"/>
  <testcase classname="executePageClasses.LoginPageTestClass" name="unsuccessfulLogin" time="1.825"/>
  <testcase classname="executePageClasses.LoginPageTestClass" name="verifySuccessfulLogin" time="8.518"/>
  <testcase classname="executePageClasses.LoginPageTestClass" name="verifyTheCorrectSiteIsLoadedWhileHittingTheURL" time="0.039"/>
  <testcase classname="executePageClasses.HomePageTestClass" name="verifyTheLogoIsDisplayedOrNotInHomePage" time="24.904"/>
  <testcase classname="executePageClasses.BaseClass" name="@BeforeSuite createExtendReport" time="0.0">
    <ignored/>
  </testcase> <!-- @BeforeSuite createExtendReport -->
  <testcase classname="executePageClasses.FindAPatientTestClass" name="f" time="0.0">
    <ignored/>
  </testcase> <!-- f -->
  <testcase classname="executePageClasses.HomePageTestClass" name="verifyAllTilesAreDisplayed" time="0.0">
    <ignored/>
  </testcase> <!-- verifyAllTilesAreDisplayed -->
  <testcase classname="executePageClasses.BaseClass" name="@BeforeSuite createExtendReport" time="0.0">
    <ignored/>
  </testcase> <!-- @BeforeSuite createExtendReport -->
</testsuite> <!-- Test -->
