<?xml version="1.0" encoding="UTF-8"?>
<!-- Generated by org.testng.reporters.JUnitXMLReporter -->
<testsuite ignored="2" hostname="LAPTOP-VBIL4K2H" failures="0" tests="1" name="Default test" time="17.899" errors="0" timestamp="2023-08-14T00:43:19 AEST">
  <testcase classname="executePageClasses.RegisterAPatientTest" name="verifyToRegisterAPatient" time="12.232"/>
  <testcase classname="executePageClasses.RegisterAPatientTest" name="verifyTheRegisteredPatientIsFoundOrNotInPatientRecordTable" time="0.0">
    <ignored/>
  </testcase> <!-- verifyTheRegisteredPatientIsFoundOrNotInPatientRecordTable -->
  <testcase classname="executePageClasses.RegisterAPatientTest" name="verifyToDeleteRegisteredPatient" time="0.0">
    <ignored/>
  </testcase> <!-- verifyToDeleteRegisteredPatient -->
</testsuite> <!-- Default test -->
