<?xml version="1.0" encoding="UTF-8"?>
<!-- Generated by org.testng.reporters.JUnitXMLReporter -->
<testsuite ignored="2" hostname="LAPTOP-VBIL4K2H" failures="0" tests="1" name="Default test" time="25.933" errors="0" timestamp="2023-08-15T12:45:53 AEST">
  <testcase classname="executePageClasses.RegisterAPatientTest" name="verifyTheRegisteredPatientIsFoundOrNotInPatientRecordTable" time="17.782"/>
  <testcase classname="executePageClasses.RegisterAPatientTest" name="verifyToDeleteRegisteredPatient" time="0.0">
    <ignored/>
  </testcase> <!-- verifyToDeleteRegisteredPatient -->
  <testcase classname="executePageClasses.RegisterAPatientTest" name="verifyToRegisterAPatient" time="0.0">
    <ignored/>
  </testcase> <!-- verifyToRegisterAPatient -->
</testsuite> <!-- Default test -->
